                              The SAS System                              1
                                              08:50 Wednesday, May 25, 2005

               A. Colin Cameron and Pravin K. Trivedi (2005)


             Microeconometrics: Methods and Applications, CUP


                    MCMC Example: Gibbs Sampler for SUR
                              The SAS System                              2
                                              08:50 Wednesday, May 25, 2005

       Nobs  Variable         MIN         MAX        MEAN         STD
      ---------------------------------------------------------------
      25000  COL1         0.86943     1.10801     0.99090     0.03140
             COL2         0.87019     1.08441     0.97763     0.02698
             COL3         0.90772     1.14524     1.02597     0.03131
             COL4         0.88736     1.12838     1.00909     0.02720
             COL5         0.83586     1.23429     0.99634     0.04450
             COL6        -0.70957    -0.36237    -0.51408     0.03514
             COL7         0.80693     1.19620     0.98319     0.04409
      ---------------------------------------------------------------

                              The SAS System                              3
                                              08:50 Wednesday, May 25, 2005

       Nobs  Variable         MIN         MAX        MEAN         STD
      ---------------------------------------------------------------
      50000  COL1         0.83708     1.11156     0.99083     0.03148
             COL2         0.86797     1.08447     0.97772     0.02698
             COL3         0.89067     1.15380     1.02596     0.03137
             COL4         0.88736     1.12838     1.00911     0.02713
             COL5         0.82353     1.23429     0.99667     0.04457
             COL6        -0.70957    -0.36237    -0.51431     0.03524
             COL7         0.80693     1.19620     0.98342     0.04402
      ---------------------------------------------------------------


                              The SAS System                              4
                                              08:50 Wednesday, May 25, 2005

                       Results for Table 13.3 p.454


                                     

                         TAU                   10
                         # OBSERVATIONS      1000
                         # REPLICATIONS     50000
                         # BURN-IN           5000
                         # PARAMETERS           7


                                      
                              ESTIMATE   STD ERR    T-STAT

                 d1 CONSTANT 0.9908258 0.0314831 31.471703
                 d1 R1       0.9777183 0.0269848 36.232223
                 d2 CONSTANT 1.0259615 0.0313719 32.703215
                 d2 R2       1.0091067 0.0271348 37.188589
                 SIGMA11     0.9966684 0.0445679 22.362904
                 SIGMA12     -0.514311 0.0352441 -14.59282
                 SIGMA22     0.9834186 0.0440213 22.339592

                              The SAS System                              5
                                              08:50 Wednesday, May 25, 2005

                        Convergence check on p.454


                                   COVD1

                                    1         1
                            -0.005211 -0.003905
                            -0.005565 -0.000646
                              -0.0013 0.0056022
                            0.0008844 0.0042263
                            0.0111174 -0.004774
                            0.0011297 0.0003404
                            0.0008154 -0.007929
                            0.0066804  -0.00476
                             -0.00655   0.00063
                            0.0012767 0.0063644
                            -0.009918 0.0019661
                            0.0021591 0.0016932
                            -0.004218 -0.007818
                            -0.002925 0.0010385
                            0.0012347 0.0021716
                            -0.004896 0.0027157
                            0.0001245 -0.005551
                            -0.004523 0.0021888
                            0.0071944 0.0022263


                                   COVD1

                                    1         1
                            0.0016658  -0.00352
                            -0.004941 0.0043315
                            -0.000874 0.0028993
                            -0.006163 -0.002642
                            0.0029918 -0.006736
                            0.0011496 -0.000583
                            -0.003769 -0.006875
                            -0.000683 -0.001448
                            -0.001664 0.0040229
                            0.0018361 0.0044803
                            0.0010994 -0.008676
                             -0.00125 0.0029783
                             -0.00424 -0.002429
                             0.003507 -0.003621
                            -0.005306 -0.006329
                            0.0024916 0.0020771
                            0.0048035 0.0028934
                            -0.000061 -0.009849
                            -0.001488 0.0097626
                              The SAS System                              6
                                              08:50 Wednesday, May 25, 2005

                                   COVD1

                                    1         1
                            -0.000722 -0.000872
                            -0.002735 0.0018116
                            0.0056837 0.0004915
                            -0.001462 -0.005449
                            0.0013522 -0.003759
                            -0.000209   -0.0013
                            -0.001971 0.0008238
                            -0.003908 -0.000939
                            0.0005222 0.0000547
                            -0.010048  0.000234
                            0.0014611 -0.001232
                            -0.000427  -0.00255
                            0.0048023 0.0071981
                            0.0005914 -0.003118
                             0.005098 0.0022772
                              -0.0081 -0.000816
                            0.0012346 -0.001557
                            -0.004214 0.0058211
                            -0.001171 -0.007239


                                   COVD1

                                         1
                                 -0.003022
                                  -0.01018
                                 0.0027696
                                 -0.002202
                                  -0.00189
                                 -0.003342
                                 -0.012323
                                 0.0011246
                                  0.004507
                                 0.0008293
                                 0.0015921
                                  -0.00651
                                 -0.001968
                                   -0.0024
                                 0.0068377
                                 0.0007227
                                 -0.001589
                                 0.0058823
                                 -0.002066
